<?xml version="1.0" encoding="UTF-8"?>
<testsuite xmlns:xsi="http://www.w3.org/2001/XMLSchema-instance" xsi:noNamespaceSchemaLocation="https://maven.apache.org/surefire/maven-surefire-plugin/xsd/surefire-test-report-3.0.xsd" version="3.0" name="deliveryConfiguration_Jose.runners.CucumberRunner" time="35.143" tests="1" errors="0" skipped="0" failures="0">
  <properties>
[...]
</properties>
  <testcase name="Direct download of a file" classname="As a user, I should be able to access a file by direct download link" time="34.132">
    <system-out><![CDATA[
@DirectDownload
Scenario: Direct download of a file           &amp#27;[90m# src/test/resources/features/DirectDownload.feature:4&amp#27;[0m
::: Starting Automation:::
  &amp#27;[32mGiven &amp#27;[0m&amp#27;[32mI put the URL in the browser&amp#27;[0m          &amp#27;[90m# deliveryConfiguration_Jose.step_def.DirectDownload_StepDef.iPutTheURLInTheBrowser()&amp#27;[0m
  &amp#27;[32mWhen &amp#27;[0m&amp#27;[32mI type &amp#27;[0m&amp#27;[32m&amp#27;[1m"Bob Backline"&amp#27;[0m&amp#27;[32m as the user name&amp#27;[0m &amp#27;[90m# deliveryConfiguration_Jose.step_def.DirectDownload_StepDef.iTypeAsTheUserName(java.lang.String)&amp#27;[0m
  &amp#27;[32mThen &amp#27;[0m&amp#27;[32mThe file downloads immediately&amp#27;[0m         &amp#27;[90m# deliveryConfiguration_Jose.step_def.DirectDownload_StepDef.theFileDownloadsImmediately()&amp#27;[0m
:::(^_^) End of test execution (*_*):::
]]></system-out>
    <system-err><![CDATA[SLF4J: No SLF4J providers were found.
SLF4J: Defaulting to no-operation (NOP) logger implementation
SLF4J: See http://www.slf4j.org/codes.html#noProviders for further details.
SLF4J: Class path contains SLF4J bindings targeting slf4j-api versions prior to 1.8.
SLF4J: Ignoring binding found at [jar:file:/C:/Users/Jose%20Vega/.m2/repository/org/slf4j/slf4j-log4j12/1.7.32/slf4j-log4j12-1.7.32.jar!/org/slf4j/impl/StaticLoggerBinder.class]
SLF4J: See http://www.slf4j.org/codes.html#ignoredBindings for an explanation.
Starting ChromeDriver 92.0.4515.107 (87a818b10553a07434ea9e2b6dccf3cbe7895134-refs/branch-heads/4515@{#1634}) on port 45495
Only local connections are allowed.
Please see https://chromedriver.chromium.org/security-considerations for suggestions on keeping ChromeDriver safe.
ChromeDriver was started successfully.
Aug 11, 2021 5:59:19 PM org.openqa.selenium.remote.ProtocolHandshake createSession
INFO: Detected dialect: W3C
]]></system-err>
  </testcase>
</testsuite>